18:46:19 | Percentage = 90
18:46:19 | Delimiter = 2223
18:46:19 | Learning Rate = 0.1
18:46:19 | Momentum = 0.9
18:46:19 | Epochs = 5000
18:46:19 | Percentage = 90
18:46:19 | Delimiter = 2223
18:46:19 | Delta Time = 1
18:46:19 | Desired Inputs[0] = 2
18:46:19 | Desired Inputs[1] = 2
18:46:19 | Desired Inputs[2] = 2
18:46:19 | Desired Inputs[3] = 2
18:46:19 | Desired Inputs[4] = 0
18:46:19 | Main Column Id = 3
18:46:19 | Main Column Id Max Value = 36.04
18:46:19 | Percentage = 90
18:46:19 | Delimiter = 2223
18:46:19 | Percentage = 90
18:46:19 | Delimiter = 2223
18:46:19 | Main Column Id Max Value = 36.04
