[main] DEBUG test.Log4jTest  - Sample debug message
[main] INFO  test.Log4jTest  - Sample info message
[main] WARN  test.Log4jTest  - Sample warn message
[main] ERROR test.Log4jTest  - Sample error message
[main] FATAL test.Log4jTest  - Sample fatal message
[main] DEBUG test.Log4jTest  - Sample debug message
[main] INFO  test.Log4jTest  - Sample info message
[main] WARN  test.Log4jTest  - Sample warn message
[main] ERROR test.Log4jTest  - Sample error message
[main] FATAL test.Log4jTest  - Sample fatal message
23:10:55 | Neural Network created
23:10:55 | layer created
23:10:55 | layer created
23:10:55 | layer created
23:10:55 | Input neuron created
23:10:55 | Input neuron created
23:10:55 | Input neuron created
23:10:55 | Input neuron created
23:10:55 | Input neuron created
23:10:55 | Input neuron created
23:10:55 | Input neuron created
23:10:55 | Input neuron created
23:10:55 | Hidden neuron created
23:10:55 | Hidden neuron created
23:10:55 | Hidden neuron created
23:10:55 | Hidden neuron created
23:10:55 | Output neuron created
23:10:55 | Output neuron created
23:10:55 | layer added
23:10:55 | layer added
23:10:55 | layer added
23:10:55 | Neural Network created
23:10:55 | layer created
23:10:55 | layer created
23:10:55 | layer created
23:10:56 | Input neuron created
23:10:56 | Input neuron created
23:10:56 | Input neuron created
23:10:56 | Input neuron created
23:10:56 | Hidden neuron created
23:10:56 | Hidden neuron created
23:10:56 | Hidden neuron created
23:10:56 | Hidden neuron created
23:10:56 | Output neuron created
23:10:56 | Output neuron created
23:10:56 | layer added
23:10:56 | layer added
23:10:56 | layer added
23:16:32 | Neural Network created
23:16:32 | layer created
23:16:32 | Input neuron created
23:16:32 | Input neuron created
23:16:32 | Input neuron created
23:16:32 | Input neuron created
23:16:32 | Input neuron created
23:16:32 | Input neuron created
23:16:32 | Input neuron created
23:16:32 | Input neuron created
23:16:32 | Input neuron created
23:16:32 | Input neuron created
23:16:32 | Input neuron created
23:16:32 | Input neuron created
23:16:32 | Input neuron created
23:16:32 | Input neuron created
23:16:32 | Input neuron created
23:16:32 | Input neuron created
23:16:32 | layer added
23:16:32 | layer created
23:16:32 | Hidden neuron created
23:16:32 | Hidden neuron created
23:16:32 | Hidden neuron created
23:16:32 | Hidden neuron created
23:16:32 | layer added
23:16:32 | layer created
23:16:32 | Output neuron created
23:16:32 | layer added
